<?xml version="1.0" encoding="UTF-8"?>
<!-- Generated by org.testng.reporters.JUnitXMLReporter -->
<testsuite hostname="karolubu-System-Product-Name" name="Default test" tests="4" failures="0" timestamp="31 Jan 2016 16:16:47 GMT" time="7.071" errors="0">
  <testcase name="logAM" time="2.502" classname="packa.AccTestQA"/>
  <testcase name="management" time="2.507" classname="packa.AccTestQA"/>
  <testcase name="management1" time="0.042" classname="packa.AccTestQA"/>
  <testcase name="managementLogout" time="1.988" classname="packa.AccTestQA"/>
</testsuite> <!-- Default test -->
