<?xml version="1.0" encoding="UTF-8"?>
<testng-results skipped="0" failed="0" total="3" passed="3">
  <reporter-output>
  </reporter-output>
  <suite name="Default suite" duration-ms="3067" started-at="2016-01-17T12:57:23Z" finished-at="2016-01-17T12:57:26Z">
    <groups>
    </groups>
    <test name="Default test" duration-ms="3067" started-at="2016-01-17T12:57:23Z" finished-at="2016-01-17T12:57:26Z">
      <class name="firsttestngpackage.FirstTestNGFile">
        <test-method status="PASS" signature="a()[pri:0, instance:firsttestngpackage.FirstTestNGFile@c2bce4]" name="a" duration-ms="1822" started-at="2016-01-17T13:57:23Z" finished-at="2016-01-17T13:57:25Z">
          <reporter-output>
          </reporter-output>
        </test-method> <!-- a -->
        <test-method status="PASS" signature="b()[pri:0, instance:firsttestngpackage.FirstTestNGFile@c2bce4]" name="b" duration-ms="601" started-at="2016-01-17T13:57:25Z" finished-at="2016-01-17T13:57:25Z">
          <reporter-output>
          </reporter-output>
        </test-method> <!-- b -->
        <test-method status="PASS" signature="c()[pri:0, instance:firsttestngpackage.FirstTestNGFile@c2bce4]" name="c" duration-ms="565" started-at="2016-01-17T13:57:25Z" finished-at="2016-01-17T13:57:26Z">
          <reporter-output>
          </reporter-output>
        </test-method> <!-- c -->
      </class> <!-- firsttestngpackage.FirstTestNGFile -->
    </test> <!-- Default test -->
  </suite> <!-- Default suite -->
</testng-results>
